[0m09:05:46.092153 [debug] [MainThread]: Sending event: {'category': 'dbt', 'action': 'invocation', 'label': 'start', 'context': [<snowplow_tracker.self_describing_json.SelfDescribingJson object at 0x7f4968452940>, <snowplow_tracker.self_describing_json.SelfDescribingJson object at 0x7f49661690a0>, <snowplow_tracker.self_describing_json.SelfDescribingJson object at 0x7f4966169bb0>]}


============================== 09:05:46.108260 | ee632784-cde1-4dc1-9f84-136a5430bdd7 ==============================
[0m09:05:46.108260 [info ] [MainThread]: Running with dbt=1.7.19
[0m09:05:46.110020 [debug] [MainThread]: running dbt with arguments {'printer_width': '80', 'indirect_selection': 'eager', 'write_json': 'True', 'log_cache_events': 'False', 'partial_parse': 'True', 'cache_selected_only': 'False', 'warn_error': 'None', 'fail_fast': 'False', 'profiles_dir': '.', 'log_path': '/opt/airflow/fraud_analytics/logs', 'version_check': 'True', 'debug': 'True', 'use_colors': 'True', 'use_experimental_parser': 'False', 'no_print': 'None', 'quiet': 'False', 'warn_error_options': 'WarnErrorOptions(include=[], exclude=[])', 'introspect': 'True', 'static_parser': 'True', 'invocation_command': 'dbt --debug debug --profiles-dir .', 'target_path': 'None', 'log_format': 'default', 'send_anonymous_usage_stats': 'True'}
[0m09:05:46.111195 [info ] [MainThread]: dbt version: 1.7.19
[0m09:05:46.111559 [info ] [MainThread]: python version: 3.9.17
[0m09:05:46.111847 [info ] [MainThread]: python path: /usr/local/bin/python
[0m09:05:46.112138 [info ] [MainThread]: os info: Linux-6.6.87.2-microsoft-standard-WSL2-x86_64-with-glibc2.31
[0m09:05:47.277617 [info ] [MainThread]: Using profiles dir at .
[0m09:05:47.278252 [info ] [MainThread]: Using profiles.yml file at ./profiles.yml
[0m09:05:47.278596 [info ] [MainThread]: Using dbt_project.yml file at /opt/airflow/fraud_analytics/dbt_project.yml
[0m09:05:47.279127 [info ] [MainThread]: adapter type: bigquery
[0m09:05:47.279447 [info ] [MainThread]: adapter version: 1.7.0
[0m09:05:47.369764 [info ] [MainThread]: Configuration:
[0m09:05:47.370402 [info ] [MainThread]:   profiles.yml file [[32mOK found and valid[0m]
[0m09:05:47.370744 [info ] [MainThread]:   dbt_project.yml file [[32mOK found and valid[0m]
[0m09:05:47.371058 [info ] [MainThread]: Required dependencies:
[0m09:05:47.371389 [debug] [MainThread]: Executing "git --help"
[0m09:05:47.413395 [debug] [MainThread]: STDOUT: "b"usage: git [--version] [--help] [-C <path>] [-c <name>=<value>]\n           [--exec-path[=<path>]] [--html-path] [--man-path] [--info-path]\n           [-p | --paginate | -P | --no-pager] [--no-replace-objects] [--bare]\n           [--git-dir=<path>] [--work-tree=<path>] [--namespace=<name>]\n           <command> [<args>]\n\nThese are common Git commands used in various situations:\n\nstart a working area (see also: git help tutorial)\n   clone             Clone a repository into a new directory\n   init              Create an empty Git repository or reinitialize an existing one\n\nwork on the current change (see also: git help everyday)\n   add               Add file contents to the index\n   mv                Move or rename a file, a directory, or a symlink\n   restore           Restore working tree files\n   rm                Remove files from the working tree and from the index\n   sparse-checkout   Initialize and modify the sparse-checkout\n\nexamine the history and state (see also: git help revisions)\n   bisect            Use binary search to find the commit that introduced a bug\n   diff              Show changes between commits, commit and working tree, etc\n   grep              Print lines matching a pattern\n   log               Show commit logs\n   show              Show various types of objects\n   status            Show the working tree status\n\ngrow, mark and tweak your common history\n   branch            List, create, or delete branches\n   commit            Record changes to the repository\n   merge             Join two or more development histories together\n   rebase            Reapply commits on top of another base tip\n   reset             Reset current HEAD to the specified state\n   switch            Switch branches\n   tag               Create, list, delete or verify a tag object signed with GPG\n\ncollaborate (see also: git help workflows)\n   fetch             Download objects and refs from another repository\n   pull              Fetch from and integrate with another repository or a local branch\n   push              Update remote refs along with associated objects\n\n'git help -a' and 'git help -g' list available subcommands and some\nconcept guides. See 'git help <command>' or 'git help <concept>'\nto read about a specific subcommand or concept.\nSee 'git help git' for an overview of the system.\n""
[0m09:05:47.414384 [debug] [MainThread]: STDERR: "b''"
[0m09:05:47.414891 [info ] [MainThread]:  - git [[32mOK found[0m]

[0m09:05:47.415268 [info ] [MainThread]: Connection:
[0m09:05:47.415667 [info ] [MainThread]:   method: service-account
[0m09:05:47.416001 [info ] [MainThread]:   database: finpro-purwadhika
[0m09:05:47.416293 [info ] [MainThread]:   execution_project: finpro-purwadhika
[0m09:05:47.416594 [info ] [MainThread]:   schema: zidan_finpro
[0m09:05:47.416890 [info ] [MainThread]:   location: us-west1
[0m09:05:47.417195 [info ] [MainThread]:   priority: None
[0m09:05:47.417546 [info ] [MainThread]:   maximum_bytes_billed: None
[0m09:05:47.417913 [info ] [MainThread]:   impersonate_service_account: None
[0m09:05:47.418251 [info ] [MainThread]:   job_retry_deadline_seconds: None
[0m09:05:47.418537 [info ] [MainThread]:   job_retries: 1
[0m09:05:47.418791 [info ] [MainThread]:   job_creation_timeout_seconds: None
[0m09:05:47.419071 [info ] [MainThread]:   job_execution_timeout_seconds: 3600
[0m09:05:47.419349 [info ] [MainThread]:   keyfile: /opt/airflow/keys/gcp_key.json
[0m09:05:47.419646 [info ] [MainThread]:   timeout_seconds: 3600
[0m09:05:47.419933 [info ] [MainThread]:   refresh_token: None
[0m09:05:47.420223 [info ] [MainThread]:   client_id: None
[0m09:05:47.420477 [info ] [MainThread]:   token_uri: None
[0m09:05:47.420751 [info ] [MainThread]:   dataproc_region: None
[0m09:05:47.421030 [info ] [MainThread]:   dataproc_cluster_name: None
[0m09:05:47.421302 [info ] [MainThread]:   gcs_bucket: None
[0m09:05:47.421605 [info ] [MainThread]:   dataproc_batch: None
[0m09:05:47.422090 [info ] [MainThread]: Registered adapter: bigquery=1.7.0
[0m09:05:47.424218 [debug] [MainThread]: Acquiring new bigquery connection 'debug'
[0m09:05:47.424779 [debug] [MainThread]: Opening a new connection, currently in state init
[0m09:05:47.482127 [debug] [MainThread]: On debug: select 1 as id
[0m09:05:48.348004 [debug] [MainThread]: BigQuery adapter: https://console.cloud.google.com/bigquery?project=finpro-purwadhika&j=bq:us-west1:310e06b2-e9fb-4dba-a651-1a2f67187111&page=queryresults
[0m09:05:49.055107 [info ] [MainThread]:   Connection test: [[32mOK connection ok[0m]

[0m09:05:49.055745 [info ] [MainThread]: [32mAll checks passed![0m
[0m09:05:49.056972 [debug] [MainThread]: Resource report: {"command_name": "debug", "command_success": true, "command_wall_clock_time": 2.9304025, "process_user_time": 4.257483, "process_kernel_time": 1.245386, "process_mem_max_rss": "205296", "process_in_blocks": "176", "process_out_blocks": "24"}
[0m09:05:49.057862 [debug] [MainThread]: Command `dbt debug` succeeded at 09:05:49.057678 after 2.93 seconds
[0m09:05:49.058429 [debug] [MainThread]: Connection 'debug' was properly closed.
[0m09:05:49.058939 [debug] [MainThread]: Sending event: {'category': 'dbt', 'action': 'invocation', 'label': 'end', 'context': [<snowplow_tracker.self_describing_json.SelfDescribingJson object at 0x7f4968452940>, <snowplow_tracker.self_describing_json.SelfDescribingJson object at 0x7f49673ffb50>, <snowplow_tracker.self_describing_json.SelfDescribingJson object at 0x7f492ae54b20>]}
[0m09:05:49.059494 [debug] [MainThread]: Flushing usage events
[0m09:06:32.592225 [debug] [MainThread]: Sending event: {'category': 'dbt', 'action': 'invocation', 'label': 'start', 'context': [<snowplow_tracker.self_describing_json.SelfDescribingJson object at 0x75ea8ec05580>, <snowplow_tracker.self_describing_json.SelfDescribingJson object at 0x75ea8c994bb0>, <snowplow_tracker.self_describing_json.SelfDescribingJson object at 0x75ea8c9949d0>]}


============================== 09:06:32.598854 | e269e6e3-a685-4122-8250-1700118b4317 ==============================
[0m09:06:32.598854 [info ] [MainThread]: Running with dbt=1.7.19
[0m09:06:32.599613 [debug] [MainThread]: running dbt with arguments {'printer_width': '80', 'indirect_selection': 'eager', 'log_cache_events': 'False', 'write_json': 'True', 'partial_parse': 'True', 'cache_selected_only': 'False', 'profiles_dir': '.', 'fail_fast': 'False', 'debug': 'False', 'log_path': '/opt/airflow/fraud_analytics/logs', 'warn_error': 'None', 'version_check': 'True', 'use_colors': 'True', 'use_experimental_parser': 'False', 'no_print': 'None', 'quiet': 'False', 'log_format': 'default', 'introspect': 'True', 'warn_error_options': 'WarnErrorOptions(include=[], exclude=[])', 'invocation_command': 'dbt debug --profiles-dir .', 'target_path': 'None', 'static_parser': 'True', 'send_anonymous_usage_stats': 'True'}
[0m09:06:32.600467 [info ] [MainThread]: dbt version: 1.7.19
[0m09:06:32.601833 [info ] [MainThread]: python version: 3.9.17
[0m09:06:32.602152 [info ] [MainThread]: python path: /usr/local/bin/python
[0m09:06:32.603052 [info ] [MainThread]: os info: Linux-6.6.87.2-microsoft-standard-WSL2-x86_64-with-glibc2.31
[0m09:06:33.637415 [info ] [MainThread]: Using profiles dir at .
[0m09:06:33.638000 [info ] [MainThread]: Using profiles.yml file at ./profiles.yml
[0m09:06:33.638310 [info ] [MainThread]: Using dbt_project.yml file at /opt/airflow/fraud_analytics/dbt_project.yml
[0m09:06:33.638760 [info ] [MainThread]: adapter type: bigquery
[0m09:06:33.639055 [info ] [MainThread]: adapter version: 1.7.0
[0m09:06:33.735985 [info ] [MainThread]: Configuration:
[0m09:06:33.736626 [info ] [MainThread]:   profiles.yml file [[32mOK found and valid[0m]
[0m09:06:33.737008 [info ] [MainThread]:   dbt_project.yml file [[32mOK found and valid[0m]
[0m09:06:33.737366 [info ] [MainThread]: Required dependencies:
[0m09:06:33.737686 [debug] [MainThread]: Executing "git --help"
[0m09:06:33.748183 [debug] [MainThread]: STDOUT: "b"usage: git [--version] [--help] [-C <path>] [-c <name>=<value>]\n           [--exec-path[=<path>]] [--html-path] [--man-path] [--info-path]\n           [-p | --paginate | -P | --no-pager] [--no-replace-objects] [--bare]\n           [--git-dir=<path>] [--work-tree=<path>] [--namespace=<name>]\n           <command> [<args>]\n\nThese are common Git commands used in various situations:\n\nstart a working area (see also: git help tutorial)\n   clone             Clone a repository into a new directory\n   init              Create an empty Git repository or reinitialize an existing one\n\nwork on the current change (see also: git help everyday)\n   add               Add file contents to the index\n   mv                Move or rename a file, a directory, or a symlink\n   restore           Restore working tree files\n   rm                Remove files from the working tree and from the index\n   sparse-checkout   Initialize and modify the sparse-checkout\n\nexamine the history and state (see also: git help revisions)\n   bisect            Use binary search to find the commit that introduced a bug\n   diff              Show changes between commits, commit and working tree, etc\n   grep              Print lines matching a pattern\n   log               Show commit logs\n   show              Show various types of objects\n   status            Show the working tree status\n\ngrow, mark and tweak your common history\n   branch            List, create, or delete branches\n   commit            Record changes to the repository\n   merge             Join two or more development histories together\n   rebase            Reapply commits on top of another base tip\n   reset             Reset current HEAD to the specified state\n   switch            Switch branches\n   tag               Create, list, delete or verify a tag object signed with GPG\n\ncollaborate (see also: git help workflows)\n   fetch             Download objects and refs from another repository\n   pull              Fetch from and integrate with another repository or a local branch\n   push              Update remote refs along with associated objects\n\n'git help -a' and 'git help -g' list available subcommands and some\nconcept guides. See 'git help <command>' or 'git help <concept>'\nto read about a specific subcommand or concept.\nSee 'git help git' for an overview of the system.\n""
[0m09:06:33.748905 [debug] [MainThread]: STDERR: "b''"
[0m09:06:33.749277 [info ] [MainThread]:  - git [[32mOK found[0m]

[0m09:06:33.749643 [info ] [MainThread]: Connection:
[0m09:06:33.750006 [info ] [MainThread]:   method: service-account
[0m09:06:33.750324 [info ] [MainThread]:   database: finpro-purwadhika
[0m09:06:33.751808 [info ] [MainThread]:   execution_project: finpro-purwadhika
[0m09:06:33.755382 [info ] [MainThread]:   schema: zidan_finpro
[0m09:06:33.756852 [info ] [MainThread]:   location: us-west1
[0m09:06:33.757372 [info ] [MainThread]:   priority: None
[0m09:06:33.757743 [info ] [MainThread]:   maximum_bytes_billed: None
[0m09:06:33.758173 [info ] [MainThread]:   impersonate_service_account: None
[0m09:06:33.758538 [info ] [MainThread]:   job_retry_deadline_seconds: None
[0m09:06:33.758877 [info ] [MainThread]:   job_retries: 1
[0m09:06:33.759246 [info ] [MainThread]:   job_creation_timeout_seconds: None
[0m09:06:33.759551 [info ] [MainThread]:   job_execution_timeout_seconds: 3600
[0m09:06:33.759825 [info ] [MainThread]:   keyfile: /opt/airflow/keys/gcp_key.json
[0m09:06:33.760263 [info ] [MainThread]:   timeout_seconds: 3600
[0m09:06:33.760524 [info ] [MainThread]:   refresh_token: None
[0m09:06:33.760853 [info ] [MainThread]:   client_id: None
[0m09:06:33.761116 [info ] [MainThread]:   token_uri: None
[0m09:06:33.761342 [info ] [MainThread]:   dataproc_region: None
[0m09:06:33.761569 [info ] [MainThread]:   dataproc_cluster_name: None
[0m09:06:33.761807 [info ] [MainThread]:   gcs_bucket: None
[0m09:06:33.762087 [info ] [MainThread]:   dataproc_batch: None
[0m09:06:33.762573 [info ] [MainThread]: Registered adapter: bigquery=1.7.0
[0m09:06:33.763354 [debug] [MainThread]: Acquiring new bigquery connection 'debug'
[0m09:06:33.763784 [debug] [MainThread]: Opening a new connection, currently in state init
[0m09:06:33.804314 [debug] [MainThread]: On debug: select 1 as id
[0m09:06:34.791497 [debug] [MainThread]: BigQuery adapter: https://console.cloud.google.com/bigquery?project=finpro-purwadhika&j=bq:us-west1:c94d5616-d490-4ded-b101-71de060946ab&page=queryresults
[0m09:06:35.375373 [info ] [MainThread]:   Connection test: [[32mOK connection ok[0m]

[0m09:06:35.376924 [info ] [MainThread]: [32mAll checks passed![0m
[0m09:06:35.379244 [debug] [MainThread]: Resource report: {"command_name": "debug", "command_success": true, "command_wall_clock_time": 2.8405461, "process_user_time": 4.431467, "process_kernel_time": 1.209875, "process_mem_max_rss": "204980", "process_out_blocks": "24", "process_in_blocks": "0"}
[0m09:06:35.381004 [debug] [MainThread]: Command `dbt debug` succeeded at 09:06:35.380620 after 2.84 seconds
[0m09:06:35.381960 [debug] [MainThread]: Connection 'debug' was properly closed.
[0m09:06:35.382833 [debug] [MainThread]: Sending event: {'category': 'dbt', 'action': 'invocation', 'label': 'end', 'context': [<snowplow_tracker.self_describing_json.SelfDescribingJson object at 0x75ea8ec05580>, <snowplow_tracker.self_describing_json.SelfDescribingJson object at 0x75ea516838b0>, <snowplow_tracker.self_describing_json.SelfDescribingJson object at 0x75ea516c76a0>]}
[0m09:06:35.383764 [debug] [MainThread]: Flushing usage events
[0m09:10:53.889203 [debug] [MainThread]: Sending event: {'category': 'dbt', 'action': 'invocation', 'label': 'start', 'context': [<snowplow_tracker.self_describing_json.SelfDescribingJson object at 0x76a9f6dcfc10>, <snowplow_tracker.self_describing_json.SelfDescribingJson object at 0x76a9f4aec610>, <snowplow_tracker.self_describing_json.SelfDescribingJson object at 0x76a9f5d95e50>]}


============================== 09:10:53.899519 | 8530976c-89a3-46dc-a8ec-73e3294b5bc2 ==============================
[0m09:10:53.899519 [info ] [MainThread]: Running with dbt=1.7.19
[0m09:10:53.901100 [debug] [MainThread]: running dbt with arguments {'printer_width': '80', 'indirect_selection': 'eager', 'log_cache_events': 'False', 'write_json': 'True', 'partial_parse': 'True', 'cache_selected_only': 'False', 'warn_error': 'None', 'debug': 'False', 'profiles_dir': '.', 'log_path': '/opt/airflow/fraud_analytics/logs', 'fail_fast': 'False', 'version_check': 'True', 'use_colors': 'True', 'use_experimental_parser': 'False', 'no_print': 'None', 'quiet': 'False', 'warn_error_options': 'WarnErrorOptions(include=[], exclude=[])', 'static_parser': 'True', 'invocation_command': 'dbt run --profiles-dir .', 'introspect': 'True', 'target_path': 'None', 'log_format': 'default', 'send_anonymous_usage_stats': 'True'}
[0m09:10:55.205959 [debug] [MainThread]: Sending event: {'category': 'dbt', 'action': 'project_id', 'label': '8530976c-89a3-46dc-a8ec-73e3294b5bc2', 'context': [<snowplow_tracker.self_describing_json.SelfDescribingJson object at 0x76a9f98946d0>]}
[0m09:10:55.254689 [debug] [MainThread]: Sending event: {'category': 'dbt', 'action': 'adapter_info', 'label': '8530976c-89a3-46dc-a8ec-73e3294b5bc2', 'context': [<snowplow_tracker.self_describing_json.SelfDescribingJson object at 0x76a9b982adf0>]}
[0m09:10:55.256003 [info ] [MainThread]: Registered adapter: bigquery=1.7.0
[0m09:10:55.270416 [debug] [MainThread]: checksum: a8d43cdff37d0f32d7fbe4c5c25bea4bb6c86e162f8ce8fdb1a38cdcf7495431, vars: {}, profile: , target: , version: 1.7.19
[0m09:10:55.271194 [info ] [MainThread]: Unable to do partial parsing because saved manifest not found. Starting full parse.
[0m09:10:55.271633 [debug] [MainThread]: Sending event: {'category': 'dbt', 'action': 'partial_parser', 'label': '8530976c-89a3-46dc-a8ec-73e3294b5bc2', 'context': [<snowplow_tracker.self_describing_json.SelfDescribingJson object at 0x76a9f4b1fcd0>]}
[0m09:10:56.628295 [error] [MainThread]: Encountered an error:
Compilation Error
  Model 'model.fraud_analytics.fact_orders' (models/core/fact_orders.sql) depends on a node named 'stg_orders' which was not found
[0m09:10:56.637127 [debug] [MainThread]: Resource report: {"command_name": "run", "command_wall_clock_time": 2.7904665, "process_user_time": 5.465227, "process_kernel_time": 1.347031, "process_mem_max_rss": "208980", "process_in_blocks": "1320", "process_out_blocks": "16", "command_success": false}
[0m09:10:56.641050 [debug] [MainThread]: Command `dbt run` failed at 09:10:56.640393 after 2.80 seconds
[0m09:10:56.647514 [debug] [MainThread]: Sending event: {'category': 'dbt', 'action': 'invocation', 'label': 'end', 'context': [<snowplow_tracker.self_describing_json.SelfDescribingJson object at 0x76a9f6dcfc10>, <snowplow_tracker.self_describing_json.SelfDescribingJson object at 0x76a99af6c850>, <snowplow_tracker.self_describing_json.SelfDescribingJson object at 0x76a9b80845e0>]}
[0m09:10:56.648318 [debug] [MainThread]: Flushing usage events
[0m09:18:52.676792 [debug] [MainThread]: Sending event: {'category': 'dbt', 'action': 'invocation', 'label': 'start', 'context': [<snowplow_tracker.self_describing_json.SelfDescribingJson object at 0x75bcdab4ee80>, <snowplow_tracker.self_describing_json.SelfDescribingJson object at 0x75bcd88c8040>, <snowplow_tracker.self_describing_json.SelfDescribingJson object at 0x75bcd88bcd30>]}


============================== 09:18:52.687053 | 9faa73df-4aef-49b4-af93-11dca3d4311d ==============================
[0m09:18:52.687053 [info ] [MainThread]: Running with dbt=1.7.19
[0m09:18:52.687830 [debug] [MainThread]: running dbt with arguments {'printer_width': '80', 'indirect_selection': 'eager', 'log_cache_events': 'False', 'write_json': 'True', 'partial_parse': 'True', 'cache_selected_only': 'False', 'warn_error': 'None', 'fail_fast': 'False', 'profiles_dir': '.', 'log_path': '/opt/airflow/fraud_analytics/logs', 'debug': 'False', 'version_check': 'True', 'use_colors': 'True', 'use_experimental_parser': 'False', 'no_print': 'None', 'quiet': 'False', 'warn_error_options': 'WarnErrorOptions(include=[], exclude=[])', 'introspect': 'True', 'log_format': 'default', 'static_parser': 'True', 'target_path': 'None', 'invocation_command': 'dbt run --profiles-dir .', 'send_anonymous_usage_stats': 'True'}
[0m09:18:54.560636 [debug] [MainThread]: Sending event: {'category': 'dbt', 'action': 'project_id', 'label': '9faa73df-4aef-49b4-af93-11dca3d4311d', 'context': [<snowplow_tracker.self_describing_json.SelfDescribingJson object at 0x75bcd9b6c1c0>]}
[0m09:18:54.631681 [debug] [MainThread]: Sending event: {'category': 'dbt', 'action': 'adapter_info', 'label': '9faa73df-4aef-49b4-af93-11dca3d4311d', 'context': [<snowplow_tracker.self_describing_json.SelfDescribingJson object at 0x75bc9d792160>]}
[0m09:18:54.633604 [info ] [MainThread]: Registered adapter: bigquery=1.7.0
[0m09:18:54.646398 [debug] [MainThread]: checksum: a8d43cdff37d0f32d7fbe4c5c25bea4bb6c86e162f8ce8fdb1a38cdcf7495431, vars: {}, profile: , target: , version: 1.7.19
[0m09:18:54.649861 [info ] [MainThread]: Unable to do partial parsing because saved manifest not found. Starting full parse.
[0m09:18:54.651974 [debug] [MainThread]: Sending event: {'category': 'dbt', 'action': 'partial_parser', 'label': '9faa73df-4aef-49b4-af93-11dca3d4311d', 'context': [<snowplow_tracker.self_describing_json.SelfDescribingJson object at 0x75bc9d61ea30>]}
[0m09:18:56.040630 [error] [MainThread]: Encountered an error:
Compilation Error
  Model 'model.fraud_analytics.stg_orders' (models/staging/stg_orders.sql) depends on a source named 'zidan_finpro.orders' which was not found
[0m09:18:56.043427 [debug] [MainThread]: Resource report: {"command_name": "run", "command_wall_clock_time": 3.4332504, "process_user_time": 6.551153, "process_kernel_time": 1.879826, "process_mem_max_rss": "208668", "process_out_blocks": "5472", "command_success": false, "process_in_blocks": "0"}
[0m09:18:56.044741 [debug] [MainThread]: Command `dbt run` failed at 09:18:56.044429 after 3.43 seconds
[0m09:18:56.045654 [debug] [MainThread]: Sending event: {'category': 'dbt', 'action': 'invocation', 'label': 'end', 'context': [<snowplow_tracker.self_describing_json.SelfDescribingJson object at 0x75bcdab4ee80>, <snowplow_tracker.self_describing_json.SelfDescribingJson object at 0x75bc9d30d430>, <snowplow_tracker.self_describing_json.SelfDescribingJson object at 0x75bc7ed5d880>]}
[0m09:18:56.046505 [debug] [MainThread]: Flushing usage events
[0m09:19:23.149125 [debug] [MainThread]: Sending event: {'category': 'dbt', 'action': 'invocation', 'label': 'start', 'context': [<snowplow_tracker.self_describing_json.SelfDescribingJson object at 0x79c6cca2bc10>, <snowplow_tracker.self_describing_json.SelfDescribingJson object at 0x79c6ca7b27c0>, <snowplow_tracker.self_describing_json.SelfDescribingJson object at 0x79c6ca7b22b0>]}


============================== 09:19:23.161947 | afd7ed27-6a3c-4dd1-a1a3-47629953d337 ==============================
[0m09:19:23.161947 [info ] [MainThread]: Running with dbt=1.7.19
[0m09:19:23.163563 [debug] [MainThread]: running dbt with arguments {'printer_width': '80', 'indirect_selection': 'eager', 'log_cache_events': 'False', 'write_json': 'True', 'partial_parse': 'True', 'cache_selected_only': 'False', 'profiles_dir': '/opt/airflow/fraud_analytics', 'fail_fast': 'False', 'debug': 'False', 'log_path': '/opt/airflow/fraud_analytics/logs', 'version_check': 'True', 'warn_error': 'None', 'use_colors': 'True', 'use_experimental_parser': 'False', 'no_print': 'None', 'quiet': 'False', 'log_format': 'default', 'static_parser': 'True', 'introspect': 'True', 'warn_error_options': 'WarnErrorOptions(include=[], exclude=[])', 'target_path': 'None', 'invocation_command': 'dbt list', 'send_anonymous_usage_stats': 'True'}
[0m09:19:24.627840 [debug] [MainThread]: Sending event: {'category': 'dbt', 'action': 'project_id', 'label': 'afd7ed27-6a3c-4dd1-a1a3-47629953d337', 'context': [<snowplow_tracker.self_describing_json.SelfDescribingJson object at 0x79c6ca7b2d60>]}
[0m09:19:24.738718 [debug] [MainThread]: Sending event: {'category': 'dbt', 'action': 'adapter_info', 'label': 'afd7ed27-6a3c-4dd1-a1a3-47629953d337', 'context': [<snowplow_tracker.self_describing_json.SelfDescribingJson object at 0x79c68f40f9a0>]}
[0m09:19:24.740100 [info ] [MainThread]: Registered adapter: bigquery=1.7.0
[0m09:19:24.756865 [debug] [MainThread]: checksum: a8d43cdff37d0f32d7fbe4c5c25bea4bb6c86e162f8ce8fdb1a38cdcf7495431, vars: {}, profile: , target: , version: 1.7.19
[0m09:19:24.758024 [info ] [MainThread]: Unable to do partial parsing because saved manifest not found. Starting full parse.
[0m09:19:24.758612 [debug] [MainThread]: Sending event: {'category': 'dbt', 'action': 'partial_parser', 'label': 'afd7ed27-6a3c-4dd1-a1a3-47629953d337', 'context': [<snowplow_tracker.self_describing_json.SelfDescribingJson object at 0x79c68f357a60>]}
[0m09:19:26.215375 [error] [MainThread]: Encountered an error:
Compilation Error
  Model 'model.fraud_analytics.stg_orders' (models/staging/stg_orders.sql) depends on a source named 'zidan_finpro.orders' which was not found
[0m09:19:26.217299 [debug] [MainThread]: Resource report: {"command_name": "list", "command_wall_clock_time": 3.1259277, "process_user_time": 6.51324, "process_kernel_time": 1.565801, "process_mem_max_rss": "208660", "process_out_blocks": "16", "command_success": false, "process_in_blocks": "0"}
[0m09:19:26.218289 [debug] [MainThread]: Command `dbt list` failed at 09:19:26.218090 after 3.13 seconds
[0m09:19:26.218885 [debug] [MainThread]: Sending event: {'category': 'dbt', 'action': 'invocation', 'label': 'end', 'context': [<snowplow_tracker.self_describing_json.SelfDescribingJson object at 0x79c6cca2bc10>, <snowplow_tracker.self_describing_json.SelfDescribingJson object at 0x79c68cbbae50>, <snowplow_tracker.self_describing_json.SelfDescribingJson object at 0x79c68cbba730>]}
[0m09:19:26.219397 [debug] [MainThread]: Flushing usage events
[0m09:27:02.257863 [debug] [MainThread]: Sending event: {'category': 'dbt', 'action': 'invocation', 'label': 'start', 'context': [<snowplow_tracker.self_describing_json.SelfDescribingJson object at 0x756eaa04d3d0>, <snowplow_tracker.self_describing_json.SelfDescribingJson object at 0x756ea7dda820>, <snowplow_tracker.self_describing_json.SelfDescribingJson object at 0x756ea7dda040>]}


============================== 09:27:02.268722 | 2b86f301-eb7d-4174-a74e-c8e0577869a7 ==============================
[0m09:27:02.268722 [info ] [MainThread]: Running with dbt=1.7.19
[0m09:27:02.269726 [debug] [MainThread]: running dbt with arguments {'printer_width': '80', 'indirect_selection': 'eager', 'write_json': 'True', 'log_cache_events': 'False', 'partial_parse': 'True', 'cache_selected_only': 'False', 'profiles_dir': '/opt/airflow/fraud_analytics', 'version_check': 'True', 'warn_error': 'None', 'log_path': '/opt/airflow/fraud_analytics/logs', 'fail_fast': 'False', 'debug': 'False', 'use_colors': 'True', 'use_experimental_parser': 'False', 'no_print': 'None', 'quiet': 'False', 'warn_error_options': 'WarnErrorOptions(include=[], exclude=[])', 'invocation_command': 'dbt list', 'log_format': 'default', 'introspect': 'True', 'target_path': 'None', 'static_parser': 'True', 'send_anonymous_usage_stats': 'True'}
[0m09:27:03.944055 [debug] [MainThread]: Sending event: {'category': 'dbt', 'action': 'project_id', 'label': '2b86f301-eb7d-4174-a74e-c8e0577869a7', 'context': [<snowplow_tracker.self_describing_json.SelfDescribingJson object at 0x756ea908aca0>]}
[0m09:27:04.021305 [debug] [MainThread]: Sending event: {'category': 'dbt', 'action': 'adapter_info', 'label': '2b86f301-eb7d-4174-a74e-c8e0577869a7', 'context': [<snowplow_tracker.self_describing_json.SelfDescribingJson object at 0x756e6cc13430>]}
[0m09:27:04.023598 [info ] [MainThread]: Registered adapter: bigquery=1.7.0
[0m09:27:04.041705 [debug] [MainThread]: checksum: a8d43cdff37d0f32d7fbe4c5c25bea4bb6c86e162f8ce8fdb1a38cdcf7495431, vars: {}, profile: , target: , version: 1.7.19
[0m09:27:04.044498 [info ] [MainThread]: Unable to do partial parsing because saved manifest not found. Starting full parse.
[0m09:27:04.045864 [debug] [MainThread]: Sending event: {'category': 'dbt', 'action': 'partial_parser', 'label': '2b86f301-eb7d-4174-a74e-c8e0577869a7', 'context': [<snowplow_tracker.self_describing_json.SelfDescribingJson object at 0x756e6cb5deb0>]}
[0m09:27:05.383109 [error] [MainThread]: Encountered an error:
Compilation Error
  Model 'model.fraud_analytics.stg_products' (models/staging/stg_products.sql) depends on a source named 'raw.products' which was not found
[0m09:27:05.386543 [debug] [MainThread]: Resource report: {"command_name": "list", "command_wall_clock_time": 3.1903393, "process_user_time": 6.489131, "process_kernel_time": 1.715043, "process_mem_max_rss": "208912", "process_out_blocks": "5480", "command_success": false, "process_in_blocks": "0"}
[0m09:27:05.388163 [debug] [MainThread]: Command `dbt list` failed at 09:27:05.387848 after 3.19 seconds
[0m09:27:05.389536 [debug] [MainThread]: Sending event: {'category': 'dbt', 'action': 'invocation', 'label': 'end', 'context': [<snowplow_tracker.self_describing_json.SelfDescribingJson object at 0x756eaa04d3d0>, <snowplow_tracker.self_describing_json.SelfDescribingJson object at 0x756e6a2cb310>, <snowplow_tracker.self_describing_json.SelfDescribingJson object at 0x756e6c7d2c40>]}
[0m09:27:05.390541 [debug] [MainThread]: Flushing usage events
[0m09:29:46.720110 [debug] [MainThread]: Sending event: {'category': 'dbt', 'action': 'invocation', 'label': 'start', 'context': [<snowplow_tracker.self_describing_json.SelfDescribingJson object at 0x791d4e6a3c10>, <snowplow_tracker.self_describing_json.SelfDescribingJson object at 0x791d4c42a7c0>, <snowplow_tracker.self_describing_json.SelfDescribingJson object at 0x791d4c42a2b0>]}


============================== 09:29:46.731186 | 280c9c83-610d-440b-9af6-745c454b6eb9 ==============================
[0m09:29:46.731186 [info ] [MainThread]: Running with dbt=1.7.19
[0m09:29:46.732161 [debug] [MainThread]: running dbt with arguments {'printer_width': '80', 'indirect_selection': 'eager', 'write_json': 'True', 'log_cache_events': 'False', 'partial_parse': 'True', 'cache_selected_only': 'False', 'warn_error': 'None', 'debug': 'False', 'fail_fast': 'False', 'log_path': '/opt/airflow/fraud_analytics/logs', 'profiles_dir': '/opt/airflow/fraud_analytics', 'version_check': 'True', 'use_colors': 'True', 'use_experimental_parser': 'False', 'no_print': 'None', 'quiet': 'False', 'log_format': 'default', 'static_parser': 'True', 'invocation_command': 'dbt list', 'introspect': 'True', 'target_path': 'None', 'warn_error_options': 'WarnErrorOptions(include=[], exclude=[])', 'send_anonymous_usage_stats': 'True'}
[0m09:29:48.226653 [debug] [MainThread]: Sending event: {'category': 'dbt', 'action': 'project_id', 'label': '280c9c83-610d-440b-9af6-745c454b6eb9', 'context': [<snowplow_tracker.self_describing_json.SelfDescribingJson object at 0x791d4c42ad60>]}
[0m09:29:48.308833 [debug] [MainThread]: Sending event: {'category': 'dbt', 'action': 'adapter_info', 'label': '280c9c83-610d-440b-9af6-745c454b6eb9', 'context': [<snowplow_tracker.self_describing_json.SelfDescribingJson object at 0x791d110809a0>]}
[0m09:29:48.310859 [info ] [MainThread]: Registered adapter: bigquery=1.7.0
[0m09:29:48.324509 [debug] [MainThread]: checksum: a8d43cdff37d0f32d7fbe4c5c25bea4bb6c86e162f8ce8fdb1a38cdcf7495431, vars: {}, profile: , target: , version: 1.7.19
[0m09:29:48.325914 [info ] [MainThread]: Unable to do partial parsing because saved manifest not found. Starting full parse.
[0m09:29:48.326514 [debug] [MainThread]: Sending event: {'category': 'dbt', 'action': 'partial_parser', 'label': '280c9c83-610d-440b-9af6-745c454b6eb9', 'context': [<snowplow_tracker.self_describing_json.SelfDescribingJson object at 0x791d10fc8a60>]}
[0m09:29:49.815171 [debug] [MainThread]: Sending event: {'category': 'dbt', 'action': 'load_project', 'label': '280c9c83-610d-440b-9af6-745c454b6eb9', 'context': [<snowplow_tracker.self_describing_json.SelfDescribingJson object at 0x791d101533a0>]}
[0m09:29:49.838904 [debug] [MainThread]: Sending event: {'category': 'dbt', 'action': 'resource_counts', 'label': '280c9c83-610d-440b-9af6-745c454b6eb9', 'context': [<snowplow_tracker.self_describing_json.SelfDescribingJson object at 0x791cfa7f1cd0>]}
[0m09:29:49.839709 [info ] [MainThread]: Found 8 models, 3 sources, 0 exposures, 0 metrics, 447 macros, 0 groups, 0 semantic models
[0m09:29:49.840275 [debug] [MainThread]: Sending event: {'category': 'dbt', 'action': 'runnable_timing', 'label': '280c9c83-610d-440b-9af6-745c454b6eb9', 'context': [<snowplow_tracker.self_describing_json.SelfDescribingJson object at 0x791d10fba550>]}
[0m09:29:49.842988 [debug] [MainThread]: Resource report: {"command_name": "list", "command_success": true, "command_wall_clock_time": 3.1791735, "process_user_time": 6.499277, "process_kernel_time": 1.619641, "process_mem_max_rss": "211488", "process_in_blocks": "16", "process_out_blocks": "1840"}
[0m09:29:49.844269 [debug] [MainThread]: Command `dbt list` succeeded at 09:29:49.843999 after 3.18 seconds
[0m09:29:49.845178 [debug] [MainThread]: Sending event: {'category': 'dbt', 'action': 'invocation', 'label': 'end', 'context': [<snowplow_tracker.self_describing_json.SelfDescribingJson object at 0x791d4e6a3c10>, <snowplow_tracker.self_describing_json.SelfDescribingJson object at 0x791d10fc88b0>, <snowplow_tracker.self_describing_json.SelfDescribingJson object at 0x791d10fba550>]}
[0m09:29:49.846099 [debug] [MainThread]: Flushing usage events
[0m09:30:12.369116 [debug] [MainThread]: Sending event: {'category': 'dbt', 'action': 'invocation', 'label': 'start', 'context': [<snowplow_tracker.self_describing_json.SelfDescribingJson object at 0x749dcf7268b0>, <snowplow_tracker.self_describing_json.SelfDescribingJson object at 0x749dcd4954c0>, <snowplow_tracker.self_describing_json.SelfDescribingJson object at 0x749dcd495a30>]}


============================== 09:30:12.381179 | ddfcc66b-ce61-4df8-8ac9-4a0f136d996e ==============================
[0m09:30:12.381179 [info ] [MainThread]: Running with dbt=1.7.19
[0m09:30:12.382049 [debug] [MainThread]: running dbt with arguments {'printer_width': '80', 'indirect_selection': 'eager', 'write_json': 'True', 'log_cache_events': 'False', 'partial_parse': 'True', 'cache_selected_only': 'False', 'warn_error': 'None', 'fail_fast': 'False', 'profiles_dir': '.', 'log_path': '/opt/airflow/fraud_analytics/logs', 'version_check': 'True', 'debug': 'False', 'use_colors': 'True', 'use_experimental_parser': 'False', 'no_print': 'None', 'quiet': 'False', 'log_format': 'default', 'static_parser': 'True', 'invocation_command': 'dbt run --profiles-dir .', 'introspect': 'True', 'target_path': 'None', 'warn_error_options': 'WarnErrorOptions(include=[], exclude=[])', 'send_anonymous_usage_stats': 'True'}
[0m09:30:13.935857 [debug] [MainThread]: Sending event: {'category': 'dbt', 'action': 'project_id', 'label': 'ddfcc66b-ce61-4df8-8ac9-4a0f136d996e', 'context': [<snowplow_tracker.self_describing_json.SelfDescribingJson object at 0x749dcd4a8ee0>]}
[0m09:30:14.021988 [debug] [MainThread]: Sending event: {'category': 'dbt', 'action': 'adapter_info', 'label': 'ddfcc66b-ce61-4df8-8ac9-4a0f136d996e', 'context': [<snowplow_tracker.self_describing_json.SelfDescribingJson object at 0x749d9215cf40>]}
[0m09:30:14.024245 [info ] [MainThread]: Registered adapter: bigquery=1.7.0
[0m09:30:14.040046 [debug] [MainThread]: checksum: a8d43cdff37d0f32d7fbe4c5c25bea4bb6c86e162f8ce8fdb1a38cdcf7495431, vars: {}, profile: , target: , version: 1.7.19
[0m09:30:14.080547 [debug] [MainThread]: Partial parsing enabled: 0 files deleted, 0 files added, 0 files changed.
[0m09:30:14.081436 [debug] [MainThread]: Partial parsing enabled, no changes found, skipping parsing
[0m09:30:14.091840 [debug] [MainThread]: Sending event: {'category': 'dbt', 'action': 'load_project', 'label': 'ddfcc66b-ce61-4df8-8ac9-4a0f136d996e', 'context': [<snowplow_tracker.self_describing_json.SelfDescribingJson object at 0x749d91ea40d0>]}
[0m09:30:14.112747 [debug] [MainThread]: Sending event: {'category': 'dbt', 'action': 'resource_counts', 'label': 'ddfcc66b-ce61-4df8-8ac9-4a0f136d996e', 'context': [<snowplow_tracker.self_describing_json.SelfDescribingJson object at 0x749d91fa6970>]}
[0m09:30:14.113468 [info ] [MainThread]: Found 8 models, 3 sources, 0 exposures, 0 metrics, 447 macros, 0 groups, 0 semantic models
[0m09:30:14.114082 [debug] [MainThread]: Sending event: {'category': 'dbt', 'action': 'runnable_timing', 'label': 'ddfcc66b-ce61-4df8-8ac9-4a0f136d996e', 'context': [<snowplow_tracker.self_describing_json.SelfDescribingJson object at 0x749d91fa6c40>]}
[0m09:30:14.116419 [info ] [MainThread]: 
[0m09:30:14.117913 [debug] [MainThread]: Acquiring new bigquery connection 'master'
[0m09:30:14.119791 [debug] [ThreadPool]: Acquiring new bigquery connection 'list_finpro-purwadhika'
[0m09:30:14.120312 [debug] [ThreadPool]: Opening a new connection, currently in state init
[0m09:30:14.853969 [debug] [ThreadPool]: Re-using an available connection from the pool (formerly list_finpro-purwadhika, now list_finpro-purwadhika_zidan_finpro)
[0m09:30:14.855635 [debug] [ThreadPool]: Opening a new connection, currently in state closed
[0m09:30:15.459022 [debug] [MainThread]: Sending event: {'category': 'dbt', 'action': 'runnable_timing', 'label': 'ddfcc66b-ce61-4df8-8ac9-4a0f136d996e', 'context': [<snowplow_tracker.self_describing_json.SelfDescribingJson object at 0x749d920aa6a0>]}
[0m09:30:15.461121 [info ] [MainThread]: Concurrency: 1 threads (target='dev')
[0m09:30:15.462317 [info ] [MainThread]: 
[0m09:30:15.487190 [debug] [Thread-1  ]: Began running node model.fraud_analytics.stg_orders
[0m09:30:15.488842 [info ] [Thread-1  ]: 1 of 8 START sql view model zidan_finpro.stg_orders ............................ [RUN]
[0m09:30:15.490448 [debug] [Thread-1  ]: Re-using an available connection from the pool (formerly list_finpro-purwadhika_zidan_finpro, now model.fraud_analytics.stg_orders)
[0m09:30:15.491324 [debug] [Thread-1  ]: Began compiling node model.fraud_analytics.stg_orders
[0m09:30:15.508847 [debug] [Thread-1  ]: Writing injected SQL for node "model.fraud_analytics.stg_orders"
[0m09:30:15.512056 [debug] [Thread-1  ]: Timing info for model.fraud_analytics.stg_orders (compile): 09:30:15.491732 => 09:30:15.511453
[0m09:30:15.512905 [debug] [Thread-1  ]: Began executing node model.fraud_analytics.stg_orders
[0m09:30:15.548289 [debug] [Thread-1  ]: Timing info for model.fraud_analytics.stg_orders (execute): 09:30:15.513430 => 09:30:15.547562
[0m09:30:15.555417 [debug] [Thread-1  ]: Compilation Error in model stg_orders (models/staging/stg_orders.sql)
  Trying to create view `finpro-purwadhika`.`zidan_finpro`.`stg_orders`, but it currently exists as a table. Either drop `finpro-purwadhika`.`zidan_finpro`.`stg_orders` manually, or run dbt with `--full-refresh` and dbt will drop it for you.
  
  > in macro bigquery__handle_existing_table (macros/materializations/view.sql)
  > called by macro handle_existing_table (macros/relations/view/replace.sql)
  > called by macro bigquery__create_or_replace_view (macros/relations/view/replace.sql)
  > called by macro materialization_view_bigquery (macros/materializations/view.sql)
  > called by model stg_orders (models/staging/stg_orders.sql)
[0m09:30:15.556737 [debug] [Thread-1  ]: Sending event: {'category': 'dbt', 'action': 'run_model', 'label': 'ddfcc66b-ce61-4df8-8ac9-4a0f136d996e', 'context': [<snowplow_tracker.self_describing_json.SelfDescribingJson object at 0x749d91e04ee0>]}
[0m09:30:15.558021 [error] [Thread-1  ]: 1 of 8 ERROR creating sql view model zidan_finpro.stg_orders ................... [[31mERROR[0m in 0.07s]
[0m09:30:15.560148 [debug] [Thread-1  ]: Finished running node model.fraud_analytics.stg_orders
[0m09:30:15.561430 [debug] [Thread-1  ]: Began running node model.fraud_analytics.stg_products
[0m09:30:15.563519 [info ] [Thread-1  ]: 2 of 8 START sql view model zidan_finpro.stg_products .......................... [RUN]
[0m09:30:15.564714 [debug] [Thread-1  ]: Re-using an available connection from the pool (formerly model.fraud_analytics.stg_orders, now model.fraud_analytics.stg_products)
[0m09:30:15.565361 [debug] [Thread-1  ]: Began compiling node model.fraud_analytics.stg_products
[0m09:30:15.580748 [debug] [Thread-1  ]: Writing injected SQL for node "model.fraud_analytics.stg_products"
[0m09:30:15.582611 [debug] [Thread-1  ]: Timing info for model.fraud_analytics.stg_products (compile): 09:30:15.565831 => 09:30:15.582257
[0m09:30:15.583193 [debug] [Thread-1  ]: Began executing node model.fraud_analytics.stg_products
[0m09:30:15.587233 [debug] [Thread-1  ]: Timing info for model.fraud_analytics.stg_products (execute): 09:30:15.583505 => 09:30:15.586920
[0m09:30:15.588854 [debug] [Thread-1  ]: Compilation Error in model stg_products (models/staging/stg_products.sql)
  Trying to create view `finpro-purwadhika`.`zidan_finpro`.`stg_products`, but it currently exists as a table. Either drop `finpro-purwadhika`.`zidan_finpro`.`stg_products` manually, or run dbt with `--full-refresh` and dbt will drop it for you.
  
  > in macro bigquery__handle_existing_table (macros/materializations/view.sql)
  > called by macro handle_existing_table (macros/relations/view/replace.sql)
  > called by macro bigquery__create_or_replace_view (macros/relations/view/replace.sql)
  > called by macro materialization_view_bigquery (macros/materializations/view.sql)
  > called by model stg_products (models/staging/stg_products.sql)
[0m09:30:15.589517 [debug] [Thread-1  ]: Sending event: {'category': 'dbt', 'action': 'run_model', 'label': 'ddfcc66b-ce61-4df8-8ac9-4a0f136d996e', 'context': [<snowplow_tracker.self_describing_json.SelfDescribingJson object at 0x749d91e04520>]}
[0m09:30:15.590374 [error] [Thread-1  ]: 2 of 8 ERROR creating sql view model zidan_finpro.stg_products ................. [[31mERROR[0m in 0.03s]
[0m09:30:15.591356 [debug] [Thread-1  ]: Finished running node model.fraud_analytics.stg_products
[0m09:30:15.591950 [debug] [Thread-1  ]: Began running node model.fraud_analytics.stg_users
[0m09:30:15.592981 [info ] [Thread-1  ]: 3 of 8 START sql view model zidan_finpro.stg_users ............................. [RUN]
[0m09:30:15.594791 [debug] [Thread-1  ]: Re-using an available connection from the pool (formerly model.fraud_analytics.stg_products, now model.fraud_analytics.stg_users)
[0m09:30:15.595554 [debug] [Thread-1  ]: Began compiling node model.fraud_analytics.stg_users
[0m09:30:15.599761 [debug] [Thread-1  ]: Writing injected SQL for node "model.fraud_analytics.stg_users"
[0m09:30:15.602202 [debug] [Thread-1  ]: Timing info for model.fraud_analytics.stg_users (compile): 09:30:15.595960 => 09:30:15.600751
[0m09:30:15.602979 [debug] [Thread-1  ]: Began executing node model.fraud_analytics.stg_users
[0m09:30:15.607860 [debug] [Thread-1  ]: Timing info for model.fraud_analytics.stg_users (execute): 09:30:15.603603 => 09:30:15.607419
[0m09:30:15.610122 [debug] [Thread-1  ]: Compilation Error in model stg_users (models/staging/stg_users.sql)
  Trying to create view `finpro-purwadhika`.`zidan_finpro`.`stg_users`, but it currently exists as a table. Either drop `finpro-purwadhika`.`zidan_finpro`.`stg_users` manually, or run dbt with `--full-refresh` and dbt will drop it for you.
  
  > in macro bigquery__handle_existing_table (macros/materializations/view.sql)
  > called by macro handle_existing_table (macros/relations/view/replace.sql)
  > called by macro bigquery__create_or_replace_view (macros/relations/view/replace.sql)
  > called by macro materialization_view_bigquery (macros/materializations/view.sql)
  > called by model stg_users (models/staging/stg_users.sql)
[0m09:30:15.610817 [debug] [Thread-1  ]: Sending event: {'category': 'dbt', 'action': 'run_model', 'label': 'ddfcc66b-ce61-4df8-8ac9-4a0f136d996e', 'context': [<snowplow_tracker.self_describing_json.SelfDescribingJson object at 0x749d91e04af0>]}
[0m09:30:15.611603 [error] [Thread-1  ]: 3 of 8 ERROR creating sql view model zidan_finpro.stg_users .................... [[31mERROR[0m in 0.02s]
[0m09:30:15.612644 [debug] [Thread-1  ]: Finished running node model.fraud_analytics.stg_users
[0m09:30:15.613271 [debug] [Thread-1  ]: Began running node model.fraud_analytics.dim_products
[0m09:30:15.613866 [info ] [Thread-1  ]: 4 of 8 SKIP relation zidan_finpro.dim_products ................................. [[33mSKIP[0m]
[0m09:30:15.615412 [debug] [Thread-1  ]: Finished running node model.fraud_analytics.dim_products
[0m09:30:15.616076 [debug] [Thread-1  ]: Began running node model.fraud_analytics.fact_orders
[0m09:30:15.616734 [info ] [Thread-1  ]: 5 of 8 SKIP relation zidan_finpro.fact_orders .................................. [[33mSKIP[0m]
[0m09:30:15.617330 [debug] [Thread-1  ]: Finished running node model.fraud_analytics.fact_orders
[0m09:30:15.618566 [debug] [Thread-1  ]: Began running node model.fraud_analytics.dim_users
[0m09:30:15.619847 [info ] [Thread-1  ]: 6 of 8 SKIP relation zidan_finpro.dim_users .................................... [[33mSKIP[0m]
[0m09:30:15.621414 [debug] [Thread-1  ]: Finished running node model.fraud_analytics.dim_users
[0m09:30:15.623940 [debug] [Thread-1  ]: Began running node model.fraud_analytics.mart_saved_amount
[0m09:30:15.624597 [info ] [Thread-1  ]: 7 of 8 SKIP relation zidan_finpro.mart_saved_amount ............................ [[33mSKIP[0m]
[0m09:30:15.625199 [debug] [Thread-1  ]: Finished running node model.fraud_analytics.mart_saved_amount
[0m09:30:15.626239 [debug] [Thread-1  ]: Began running node model.fraud_analytics.mart_fraud_analysis
[0m09:30:15.626872 [info ] [Thread-1  ]: 8 of 8 SKIP relation zidan_finpro.mart_fraud_analysis .......................... [[33mSKIP[0m]
[0m09:30:15.628015 [debug] [Thread-1  ]: Finished running node model.fraud_analytics.mart_fraud_analysis
[0m09:30:15.631472 [debug] [MainThread]: Connection 'master' was properly closed.
[0m09:30:15.632257 [debug] [MainThread]: Connection 'model.fraud_analytics.stg_users' was properly closed.
[0m09:30:15.632928 [info ] [MainThread]: 
[0m09:30:15.633491 [info ] [MainThread]: Finished running 8 view models in 0 hours 0 minutes and 1.52 seconds (1.52s).
[0m09:30:15.635423 [debug] [MainThread]: Command end result
[0m09:30:15.648096 [info ] [MainThread]: 
[0m09:30:15.649107 [info ] [MainThread]: [31mCompleted with 3 errors and 0 warnings:[0m
[0m09:30:15.650028 [info ] [MainThread]: 
[0m09:30:15.650851 [error] [MainThread]:   Compilation Error in model stg_orders (models/staging/stg_orders.sql)
  Trying to create view `finpro-purwadhika`.`zidan_finpro`.`stg_orders`, but it currently exists as a table. Either drop `finpro-purwadhika`.`zidan_finpro`.`stg_orders` manually, or run dbt with `--full-refresh` and dbt will drop it for you.
  
  > in macro bigquery__handle_existing_table (macros/materializations/view.sql)
  > called by macro handle_existing_table (macros/relations/view/replace.sql)
  > called by macro bigquery__create_or_replace_view (macros/relations/view/replace.sql)
  > called by macro materialization_view_bigquery (macros/materializations/view.sql)
  > called by model stg_orders (models/staging/stg_orders.sql)
[0m09:30:15.651375 [info ] [MainThread]: 
[0m09:30:15.651863 [error] [MainThread]:   Compilation Error in model stg_products (models/staging/stg_products.sql)
  Trying to create view `finpro-purwadhika`.`zidan_finpro`.`stg_products`, but it currently exists as a table. Either drop `finpro-purwadhika`.`zidan_finpro`.`stg_products` manually, or run dbt with `--full-refresh` and dbt will drop it for you.
  
  > in macro bigquery__handle_existing_table (macros/materializations/view.sql)
  > called by macro handle_existing_table (macros/relations/view/replace.sql)
  > called by macro bigquery__create_or_replace_view (macros/relations/view/replace.sql)
  > called by macro materialization_view_bigquery (macros/materializations/view.sql)
  > called by model stg_products (models/staging/stg_products.sql)
[0m09:30:15.652376 [info ] [MainThread]: 
[0m09:30:15.654553 [error] [MainThread]:   Compilation Error in model stg_users (models/staging/stg_users.sql)
  Trying to create view `finpro-purwadhika`.`zidan_finpro`.`stg_users`, but it currently exists as a table. Either drop `finpro-purwadhika`.`zidan_finpro`.`stg_users` manually, or run dbt with `--full-refresh` and dbt will drop it for you.
  
  > in macro bigquery__handle_existing_table (macros/materializations/view.sql)
  > called by macro handle_existing_table (macros/relations/view/replace.sql)
  > called by macro bigquery__create_or_replace_view (macros/relations/view/replace.sql)
  > called by macro materialization_view_bigquery (macros/materializations/view.sql)
  > called by model stg_users (models/staging/stg_users.sql)
[0m09:30:15.655245 [info ] [MainThread]: 
[0m09:30:15.656284 [info ] [MainThread]: Done. PASS=0 WARN=0 ERROR=3 SKIP=5 TOTAL=8
[0m09:30:15.658060 [debug] [MainThread]: Resource report: {"command_name": "run", "command_wall_clock_time": 3.3512897, "process_user_time": 5.644431, "process_kernel_time": 1.57927, "process_mem_max_rss": "215096", "process_out_blocks": "1904", "command_success": false, "process_in_blocks": "0"}
[0m09:30:15.659249 [debug] [MainThread]: Command `dbt run` failed at 09:30:15.658637 after 3.35 seconds
[0m09:30:15.660406 [debug] [MainThread]: Sending event: {'category': 'dbt', 'action': 'invocation', 'label': 'end', 'context': [<snowplow_tracker.self_describing_json.SelfDescribingJson object at 0x749dcf7268b0>, <snowplow_tracker.self_describing_json.SelfDescribingJson object at 0x749d921accd0>, <snowplow_tracker.self_describing_json.SelfDescribingJson object at 0x749d921ef9a0>]}
[0m09:30:15.661357 [debug] [MainThread]: Flushing usage events
